Analysis & Synthesis report for span_cme
Mon Apr 28 14:56:11 2014
Quartus II 32-bit Version 13.1.1 Build 166 11/26/2013 SJ Full Version


---------------------
; Table of Contents ;
---------------------
  1. Legal Notice
  2. Analysis & Synthesis Summary
  3. Analysis & Synthesis Settings
  4. Parallel Compilation
  5. Analysis & Synthesis Source Files Read
  6. Analysis & Synthesis Resource Usage Summary
  7. Analysis & Synthesis Resource Utilization by Entity
  8. Analysis & Synthesis DSP Block Usage Summary
  9. Registers Removed During Synthesis
 10. General Register Statistics
 11. Multiplexer Restructuring Statistics (Restructuring Performed)
 12. Elapsed Time Per Partition
 13. Analysis & Synthesis Messages



----------------
; Legal Notice ;
----------------
Copyright (C) 1991-2013 Altera Corporation
Your use of Altera Corporation's design tools, logic functions 
and other software and tools, and its AMPP partner logic 
functions, and any output files from any of the foregoing 
(including device programming or simulation files), and any 
associated documentation or information are expressly subject 
to the terms and conditions of the Altera Program License 
Subscription Agreement, Altera MegaCore Function License 
Agreement, or other applicable license agreement, including, 
without limitation, that your use is for the sole purpose of 
programming logic devices manufactured by Altera and sold by 
Altera or its authorized distributors.  Please refer to the 
applicable agreement for further details.



+-------------------------------------------------------------------------------+
; Analysis & Synthesis Summary                                                  ;
+---------------------------------+---------------------------------------------+
; Analysis & Synthesis Status     ; Successful - Mon Apr 28 14:56:11 2014       ;
; Quartus II 32-bit Version       ; 13.1.1 Build 166 11/26/2013 SJ Full Version ;
; Revision Name                   ; span_cme                                    ;
; Top-level Entity Name           ; span_cme                                    ;
; Family                          ; Cyclone V                                   ;
; Logic utilization (in ALMs)     ; N/A                                         ;
; Total registers                 ; 1549                                        ;
; Total pins                      ; 42                                          ;
; Total virtual pins              ; 0                                           ;
; Total block memory bits         ; 0                                           ;
; Total DSP Blocks                ; 18                                          ;
; Total HSSI RX PCSs              ; 0                                           ;
; Total HSSI PMA RX Deserializers ; 0                                           ;
; Total HSSI TX PCSs              ; 0                                           ;
; Total HSSI TX Channels          ; 0                                           ;
; Total PLLs                      ; 0                                           ;
; Total DLLs                      ; 0                                           ;
+---------------------------------+---------------------------------------------+


+---------------------------------------------------------------------------------------------------------------------------+
; Analysis & Synthesis Settings                                                                                             ;
+---------------------------------------------------------------------------------+--------------------+--------------------+
; Option                                                                          ; Setting            ; Default Value      ;
+---------------------------------------------------------------------------------+--------------------+--------------------+
; Device                                                                          ; 5CGXFC7C7F23C8     ;                    ;
; Top-level entity name                                                           ; span_cme           ; span_cme           ;
; Family name                                                                     ; Cyclone V          ; Cyclone IV GX      ;
; Use smart compilation                                                           ; Off                ; Off                ;
; Enable parallel Assembler and TimeQuest Timing Analyzer during compilation      ; On                 ; On                 ;
; Enable compact report table                                                     ; Off                ; Off                ;
; Restructure Multiplexers                                                        ; Auto               ; Auto               ;
; MLAB Add Timing Constraints For Mixed-Port Feed-Through Mode Setting Don't Care ; Off                ; Off                ;
; Create Debugging Nodes for IP Cores                                             ; Off                ; Off                ;
; Preserve fewer node names                                                       ; On                 ; On                 ;
; Disable OpenCore Plus hardware evaluation                                       ; Off                ; Off                ;
; Verilog Version                                                                 ; Verilog_2001       ; Verilog_2001       ;
; VHDL Version                                                                    ; VHDL_1993          ; VHDL_1993          ;
; State Machine Processing                                                        ; Auto               ; Auto               ;
; Safe State Machine                                                              ; Off                ; Off                ;
; Extract Verilog State Machines                                                  ; On                 ; On                 ;
; Extract VHDL State Machines                                                     ; On                 ; On                 ;
; Ignore Verilog initial constructs                                               ; Off                ; Off                ;
; Iteration limit for constant Verilog loops                                      ; 5000               ; 5000               ;
; Iteration limit for non-constant Verilog loops                                  ; 250                ; 250                ;
; Add Pass-Through Logic to Inferred RAMs                                         ; On                 ; On                 ;
; Infer RAMs from Raw Logic                                                       ; On                 ; On                 ;
; Parallel Synthesis                                                              ; On                 ; On                 ;
; DSP Block Balancing                                                             ; Auto               ; Auto               ;
; NOT Gate Push-Back                                                              ; On                 ; On                 ;
; Power-Up Don't Care                                                             ; On                 ; On                 ;
; Remove Redundant Logic Cells                                                    ; Off                ; Off                ;
; Remove Duplicate Registers                                                      ; On                 ; On                 ;
; Ignore CARRY Buffers                                                            ; Off                ; Off                ;
; Ignore CASCADE Buffers                                                          ; Off                ; Off                ;
; Ignore GLOBAL Buffers                                                           ; Off                ; Off                ;
; Ignore ROW GLOBAL Buffers                                                       ; Off                ; Off                ;
; Ignore LCELL Buffers                                                            ; Off                ; Off                ;
; Ignore SOFT Buffers                                                             ; On                 ; On                 ;
; Limit AHDL Integers to 32 Bits                                                  ; Off                ; Off                ;
; Optimization Technique                                                          ; Balanced           ; Balanced           ;
; Carry Chain Length                                                              ; 70                 ; 70                 ;
; Auto Carry Chains                                                               ; On                 ; On                 ;
; Auto Open-Drain Pins                                                            ; On                 ; On                 ;
; Perform WYSIWYG Primitive Resynthesis                                           ; Off                ; Off                ;
; Auto ROM Replacement                                                            ; On                 ; On                 ;
; Auto RAM Replacement                                                            ; On                 ; On                 ;
; Auto DSP Block Replacement                                                      ; On                 ; On                 ;
; Auto Shift Register Replacement                                                 ; Auto               ; Auto               ;
; Allow Shift Register Merging across Hierarchies                                 ; Auto               ; Auto               ;
; Auto Clock Enable Replacement                                                   ; On                 ; On                 ;
; Strict RAM Replacement                                                          ; Off                ; Off                ;
; Allow Synchronous Control Signals                                               ; On                 ; On                 ;
; Force Use of Synchronous Clear Signals                                          ; Off                ; Off                ;
; Auto Resource Sharing                                                           ; Off                ; Off                ;
; Allow Any RAM Size For Recognition                                              ; Off                ; Off                ;
; Allow Any ROM Size For Recognition                                              ; Off                ; Off                ;
; Allow Any Shift Register Size For Recognition                                   ; Off                ; Off                ;
; Use LogicLock Constraints during Resource Balancing                             ; On                 ; On                 ;
; Ignore translate_off and synthesis_off directives                               ; Off                ; Off                ;
; Timing-Driven Synthesis                                                         ; On                 ; On                 ;
; Report Parameter Settings                                                       ; On                 ; On                 ;
; Report Source Assignments                                                       ; On                 ; On                 ;
; Report Connectivity Checks                                                      ; On                 ; On                 ;
; Ignore Maximum Fan-Out Assignments                                              ; Off                ; Off                ;
; Synchronization Register Chain Length                                           ; 3                  ; 3                  ;
; PowerPlay Power Optimization                                                    ; Normal compilation ; Normal compilation ;
; HDL message level                                                               ; Level2             ; Level2             ;
; Suppress Register Optimization Related Messages                                 ; Off                ; Off                ;
; Number of Removed Registers Reported in Synthesis Report                        ; 5000               ; 5000               ;
; Number of Swept Nodes Reported in Synthesis Report                              ; 5000               ; 5000               ;
; Number of Inverted Registers Reported in Synthesis Report                       ; 100                ; 100                ;
; Clock MUX Protection                                                            ; On                 ; On                 ;
; Auto Gated Clock Conversion                                                     ; Off                ; Off                ;
; Block Design Naming                                                             ; Auto               ; Auto               ;
; SDC constraint protection                                                       ; Off                ; Off                ;
; Synthesis Effort                                                                ; Auto               ; Auto               ;
; Shift Register Replacement - Allow Asynchronous Clear Signal                    ; On                 ; On                 ;
; Pre-Mapping Resynthesis Optimization                                            ; Off                ; Off                ;
; Analysis & Synthesis Message Level                                              ; Medium             ; Medium             ;
; Disable Register Merging Across Hierarchies                                     ; Auto               ; Auto               ;
; Resource Aware Inference For Block RAM                                          ; On                 ; On                 ;
; Synthesis Seed                                                                  ; 1                  ; 1                  ;
; Automatic Parallel Synthesis                                                    ; On                 ; On                 ;
+---------------------------------------------------------------------------------+--------------------+--------------------+


+------------------------------------------+
; Parallel Compilation                     ;
+----------------------------+-------------+
; Processors                 ; Number      ;
+----------------------------+-------------+
; Number detected on machine ; 2           ;
; Maximum allowed            ; 2           ;
;                            ;             ;
; Average used               ; 1.00        ;
; Maximum used               ; 2           ;
;                            ;             ;
; Usage by Processor         ; % Time Used ;
;     Processor 1            ; 100.0%      ;
;     Processor 2            ; < 0.1%      ;
+----------------------------+-------------+


+-------------------------------------------------------------------------------------------------------------------------------------------------------------------------------+
; Analysis & Synthesis Source Files Read                                                                                                                                        ;
+----------------------------------+-----------------+------------------------------+---------------------------------------------------------------------------------+---------+
; File Name with User-Entered Path ; Used in Netlist ; File Type                    ; File Name with Absolute Path                                                    ; Library ;
+----------------------------------+-----------------+------------------------------+---------------------------------------------------------------------------------+---------+
; interMonthSpread.sv              ; yes             ; User SystemVerilog HDL File  ; /home/user6/spring14/vvg2111/Desktop/restart/projectfortest/interMonthSpread.sv ;         ;
; scanRisk.sv                      ; yes             ; User SystemVerilog HDL File  ; /home/user6/spring14/vvg2111/Desktop/restart/projectfortest/scanRisk.sv         ;         ;
; span_cme.sv                      ; yes             ; User SystemVerilog HDL File  ; /home/user6/spring14/vvg2111/Desktop/restart/projectfortest/span_cme.sv         ;         ;
+----------------------------------+-----------------+------------------------------+---------------------------------------------------------------------------------+---------+


+---------------------------------------------------------+
; Analysis & Synthesis Resource Usage Summary             ;
+---------------------------------------------+-----------+
; Resource                                    ; Usage     ;
+---------------------------------------------+-----------+
; Estimate of Logic utilization (ALMs needed) ; 1154      ;
;                                             ;           ;
; Combinational ALUT usage for logic          ; 1716      ;
;     -- 7 input functions                    ; 0         ;
;     -- 6 input functions                    ; 359       ;
;     -- 5 input functions                    ; 122       ;
;     -- 4 input functions                    ; 111       ;
;     -- <=3 input functions                  ; 1124      ;
;                                             ;           ;
; Dedicated logic registers                   ; 1549      ;
;                                             ;           ;
; I/O pins                                    ; 42        ;
; Total DSP Blocks                            ; 18        ;
; Maximum fan-out node                        ; clk~input ;
; Maximum fan-out                             ; 1549      ;
; Total fan-out                               ; 13040     ;
; Average fan-out                             ; 3.87      ;
+---------------------------------------------+-----------+


+-------------------------------------------------------------------------------------------------------------------------------------------------------------------------------------------------+
; Analysis & Synthesis Resource Utilization by Entity                                                                                                                                             ;
+-----------------------------------------+-------------------+--------------+-------------------+------------+------+--------------+----------------------------------------------+--------------+
; Compilation Hierarchy Node              ; LC Combinationals ; LC Registers ; Block Memory Bits ; DSP Blocks ; Pins ; Virtual Pins ; Full Hierarchy Name                          ; Library Name ;
+-----------------------------------------+-------------------+--------------+-------------------+------------+------+--------------+----------------------------------------------+--------------+
; |span_cme                               ; 1716 (61)         ; 1549 (310)   ; 0                 ; 18         ; 42   ; 0            ; |span_cme                                    ; work         ;
;    |interMonthSpread:interMonthSpread0| ; 950 (950)         ; 1095 (1095)  ; 0                 ; 12         ; 0    ; 0            ; |span_cme|interMonthSpread:interMonthSpread0 ; work         ;
;    |scanRisk:scanRisk0|                 ; 705 (705)         ; 144 (144)    ; 0                 ; 6          ; 0    ; 0            ; |span_cme|scanRisk:scanRisk0                 ; work         ;
+-----------------------------------------+-------------------+--------------+-------------------+------------+------+--------------+----------------------------------------------+--------------+
Note: For table entries with two numbers listed, the numbers in parentheses indicate the number of resources of the given type used by the specific entity alone. The numbers listed outside of parentheses indicate the total resources of the given type used by the specific entity and all of its sub-entities in the hierarchy.


+-----------------------------------------------------------------------------+
; Analysis & Synthesis DSP Block Usage Summary                                ;
+---------------------+-------------+---------------------+-------------------+
; Statistic           ; Number Used ; Available per Block ; Maximum Available ;
+---------------------+-------------+---------------------+-------------------+
; Independent 9x9     ; 12          ; 3.00                ; --                ;
; Independent 18x18   ; 2           ; 2.00                ; --                ;
; Independent 27x27   ; 4           ; 1.00                ; --                ;
; DSP Block           ; 18          ; --                  ; --                ;
; DSP 18-bit Element  ; 2           ; 2.00                ; --                ;
; DSP 27-bit Element  ; 16          ; 1.00                ; --                ;
; Unsigned Multiplier ; 18          ; --                  ; --                ;
+---------------------+-------------+---------------------+-------------------+


+-------------------------------------------------------------------------------------------------------------+
; Registers Removed During Synthesis                                                                          ;
+---------------------------------------------------+---------------------------------------------------------+
; Register name                                     ; Reason for Removal                                      ;
+---------------------------------------------------+---------------------------------------------------------+
; interMonthSpread:interMonthSpread0|Out2[12]       ; Merged with interMonthSpread:interMonthSpread0|Out2[15] ;
; interMonthSpread:interMonthSpread0|Out2[10,11,13] ; Merged with interMonthSpread:interMonthSpread0|Out2[14] ;
; interMonthSpread:interMonthSpread0|Out2[8]        ; Merged with interMonthSpread:interMonthSpread0|Out2[9]  ;
; interMonthSpread:interMonthSpread0|Out3[10..13]   ; Merged with interMonthSpread:interMonthSpread0|Out3[15] ;
; interMonthSpread:interMonthSpread0|Out3[9]        ; Merged with interMonthSpread:interMonthSpread0|Out3[14] ;
; interMonthSpread:interMonthSpread0|tsc2Done       ; Merged with interMonthSpread:interMonthSpread0|tsc1Done ;
; interMonthSpread:interMonthSpread0|tsc3Done       ; Merged with interMonthSpread:interMonthSpread0|tsc1Done ;
; interMonthSpread:interMonthSpread0|Out1[9..12,14] ; Merged with interMonthSpread:interMonthSpread0|Out1[8]  ;
; interMonthSpread:interMonthSpread0|Out1[15]       ; Merged with interMonthSpread:interMonthSpread0|Out1[13] ;
; interMonthSpread:interMonthSpread0|Out2[9]        ; Merged with interMonthSpread:interMonthSpread0|Out2[14] ;
; interMonthSpread:interMonthSpread0|Out3[8]        ; Merged with interMonthSpread:interMonthSpread0|Out3[15] ;
; interMonthSpread:interMonthSpread0|TSC2[15]       ; Merged with interMonthSpread:interMonthSpread0|TSC3[15] ;
; interMonthSpread:interMonthSpread0|TSC1[15]       ; Merged with interMonthSpread:interMonthSpread0|TSC3[15] ;
; interMonthSpread:interMonthSpread0|Out2[14]       ; Merged with interMonthSpread:interMonthSpread0|Out2[15] ;
; interMonthSpread:interMonthSpread0|Out3[14]       ; Merged with interMonthSpread:interMonthSpread0|Out3[15] ;
; interMonthSpread:interMonthSpread0|Out1[8]        ; Merged with interMonthSpread:interMonthSpread0|Out1[13] ;
; interMonthSpread:interMonthSpread0|TSC6[15]       ; Stuck at GND due to stuck port data_in                  ;
; interMonthSpread:interMonthSpread0|TSC5[15]       ; Stuck at GND due to stuck port data_in                  ;
; interMonthSpread:interMonthSpread0|TSC4[15]       ; Stuck at GND due to stuck port data_in                  ;
; interMonthSpread:interMonthSpread0|TSC3[15]       ; Stuck at GND due to stuck port data_in                  ;
; Total Number of Removed Registers = 29            ;                                                         ;
+---------------------------------------------------+---------------------------------------------------------+


+------------------------------------------------------+
; General Register Statistics                          ;
+----------------------------------------------+-------+
; Statistic                                    ; Value ;
+----------------------------------------------+-------+
; Total registers                              ; 1549  ;
; Number of registers using Synchronous Clear  ; 1511  ;
; Number of registers using Synchronous Load   ; 58    ;
; Number of registers using Asynchronous Clear ; 0     ;
; Number of registers using Asynchronous Load  ; 0     ;
; Number of registers using Clock Enable       ; 1264  ;
; Number of registers using Preset             ; 0     ;
+----------------------------------------------+-------+


+-------------------------------------------------------------------------------------------------------------------------------------------------------------------------+
; Multiplexer Restructuring Statistics (Restructuring Performed)                                                                                                          ;
+--------------------+-----------+---------------+----------------------+------------------------+------------+-----------------------------------------------------------+
; Multiplexer Inputs ; Bus Width ; Baseline Area ; Area if Restructured ; Saving if Restructured ; Registered ; Example Multiplexer Output                                ;
+--------------------+-----------+---------------+----------------------+------------------------+------------+-----------------------------------------------------------+
; 3:1                ; 27 bits   ; 54 LEs        ; 0 LEs                ; 54 LEs                 ; Yes        ; |span_cme|interMonthSpread:interMonthSpread0|Short[0][3]  ;
; 4:1                ; 16 bits   ; 32 LEs        ; 0 LEs                ; 32 LEs                 ; Yes        ; |span_cme|scanRisk:scanRisk0|scanningRisk[11]             ;
; 4:1                ; 8 bits    ; 16 LEs        ; 0 LEs                ; 16 LEs                 ; Yes        ; |span_cme|Outright[0][3]                                  ;
; 4:1                ; 8 bits    ; 16 LEs        ; 0 LEs                ; 16 LEs                 ; Yes        ; |span_cme|Outright[1][6]                                  ;
; 4:1                ; 8 bits    ; 16 LEs        ; 0 LEs                ; 16 LEs                 ; Yes        ; |span_cme|Outright[2][3]                                  ;
; 4:1                ; 8 bits    ; 16 LEs        ; 0 LEs                ; 16 LEs                 ; Yes        ; |span_cme|SpreadCharge[0][6]                              ;
; 4:1                ; 8 bits    ; 16 LEs        ; 0 LEs                ; 16 LEs                 ; Yes        ; |span_cme|SpreadCharge[1][5]                              ;
; 4:1                ; 8 bits    ; 16 LEs        ; 0 LEs                ; 16 LEs                 ; Yes        ; |span_cme|SpreadCharge[2][1]                              ;
; 4:1                ; 8 bits    ; 16 LEs        ; 0 LEs                ; 16 LEs                 ; Yes        ; |span_cme|SpreadCharge[3][7]                              ;
; 4:1                ; 8 bits    ; 16 LEs        ; 0 LEs                ; 16 LEs                 ; Yes        ; |span_cme|SpreadCharge[4][6]                              ;
; 4:1                ; 4 bits    ; 8 LEs         ; 4 LEs                ; 4 LEs                  ; Yes        ; |span_cme|Tier_max[0][2]                                  ;
; 4:1                ; 4 bits    ; 8 LEs         ; 4 LEs                ; 4 LEs                  ; Yes        ; |span_cme|Tier_max[1][0]                                  ;
; 4:1                ; 4 bits    ; 8 LEs         ; 4 LEs                ; 4 LEs                  ; Yes        ; |span_cme|Tier_max[2][3]                                  ;
; 4:1                ; 8 bits    ; 16 LEs        ; 0 LEs                ; 16 LEs                 ; Yes        ; |span_cme|maturity[0][0]                                  ;
; 4:1                ; 8 bits    ; 16 LEs        ; 0 LEs                ; 16 LEs                 ; Yes        ; |span_cme|maturity[1][3]                                  ;
; 4:1                ; 8 bits    ; 16 LEs        ; 0 LEs                ; 16 LEs                 ; Yes        ; |span_cme|maturity[2][4]                                  ;
; 4:1                ; 8 bits    ; 16 LEs        ; 0 LEs                ; 16 LEs                 ; Yes        ; |span_cme|maturity[3][6]                                  ;
; 4:1                ; 8 bits    ; 16 LEs        ; 0 LEs                ; 16 LEs                 ; Yes        ; |span_cme|maturity[4][1]                                  ;
; 4:1                ; 8 bits    ; 16 LEs        ; 0 LEs                ; 16 LEs                 ; Yes        ; |span_cme|maturity[5][7]                                  ;
; 4:1                ; 8 bits    ; 16 LEs        ; 0 LEs                ; 16 LEs                 ; Yes        ; |span_cme|maturity[6][7]                                  ;
; 4:1                ; 8 bits    ; 16 LEs        ; 0 LEs                ; 16 LEs                 ; Yes        ; |span_cme|maturity[7][0]                                  ;
; 4:1                ; 16 bits   ; 32 LEs        ; 0 LEs                ; 32 LEs                 ; Yes        ; |span_cme|position[0][11]                                 ;
; 4:1                ; 16 bits   ; 32 LEs        ; 0 LEs                ; 32 LEs                 ; Yes        ; |span_cme|position[1][4]                                  ;
; 4:1                ; 16 bits   ; 32 LEs        ; 0 LEs                ; 32 LEs                 ; Yes        ; |span_cme|position[2][1]                                  ;
; 4:1                ; 16 bits   ; 32 LEs        ; 0 LEs                ; 32 LEs                 ; Yes        ; |span_cme|position[3][8]                                  ;
; 4:1                ; 16 bits   ; 32 LEs        ; 0 LEs                ; 32 LEs                 ; Yes        ; |span_cme|position[4][7]                                  ;
; 4:1                ; 16 bits   ; 32 LEs        ; 0 LEs                ; 32 LEs                 ; Yes        ; |span_cme|position[5][6]                                  ;
; 4:1                ; 16 bits   ; 32 LEs        ; 0 LEs                ; 32 LEs                 ; Yes        ; |span_cme|position[6][2]                                  ;
; 4:1                ; 16 bits   ; 32 LEs        ; 0 LEs                ; 32 LEs                 ; Yes        ; |span_cme|position[7][2]                                  ;
; 4:1                ; 16 bits   ; 32 LEs        ; 0 LEs                ; 32 LEs                 ; Yes        ; |span_cme|PriceScanRange[8]                               ;
; 5:1                ; 7 bits    ; 21 LEs        ; 14 LEs               ; 7 LEs                  ; Yes        ; |span_cme|interMonthSpread:interMonthSpread0|TSC2Short[3] ;
; 5:1                ; 7 bits    ; 21 LEs        ; 14 LEs               ; 7 LEs                  ; Yes        ; |span_cme|interMonthSpread:interMonthSpread0|TSC2Long[0]  ;
; 5:1                ; 15 bits   ; 45 LEs        ; 15 LEs               ; 30 LEs                 ; Yes        ; |span_cme|interMonthSpread:interMonthSpread0|TSC2[12]     ;
; 5:1                ; 7 bits    ; 21 LEs        ; 14 LEs               ; 7 LEs                  ; Yes        ; |span_cme|interMonthSpread:interMonthSpread0|TSC3Short[0] ;
; 5:1                ; 15 bits   ; 45 LEs        ; 15 LEs               ; 30 LEs                 ; Yes        ; |span_cme|interMonthSpread:interMonthSpread0|TSC3[13]     ;
; 5:1                ; 7 bits    ; 21 LEs        ; 14 LEs               ; 7 LEs                  ; Yes        ; |span_cme|interMonthSpread:interMonthSpread0|TSC1Long[6]  ;
; 5:1                ; 15 bits   ; 45 LEs        ; 15 LEs               ; 30 LEs                 ; Yes        ; |span_cme|interMonthSpread:interMonthSpread0|TSC1[3]      ;
; 7:1                ; 7 bits    ; 28 LEs        ; 14 LEs               ; 14 LEs                 ; Yes        ; |span_cme|interMonthSpread:interMonthSpread0|TSC4Long[0]  ;
; 8:1                ; 16 bits   ; 80 LEs        ; 0 LEs                ; 80 LEs                 ; Yes        ; |span_cme|interMonthSpread:interMonthSpread0|A[0][0]      ;
; 8:1                ; 16 bits   ; 80 LEs        ; 0 LEs                ; 80 LEs                 ; Yes        ; |span_cme|interMonthSpread:interMonthSpread0|B[0][11]     ;
; 8:1                ; 16 bits   ; 80 LEs        ; 0 LEs                ; 80 LEs                 ; Yes        ; |span_cme|interMonthSpread:interMonthSpread0|C[0][7]      ;
; 8:1                ; 16 bits   ; 80 LEs        ; 0 LEs                ; 80 LEs                 ; Yes        ; |span_cme|interMonthSpread:interMonthSpread0|D[0][2]      ;
; 8:1                ; 16 bits   ; 80 LEs        ; 0 LEs                ; 80 LEs                 ; Yes        ; |span_cme|interMonthSpread:interMonthSpread0|E[0][9]      ;
; 8:1                ; 16 bits   ; 80 LEs        ; 0 LEs                ; 80 LEs                 ; Yes        ; |span_cme|interMonthSpread:interMonthSpread0|F[0][2]      ;
; 8:1                ; 16 bits   ; 80 LEs        ; 0 LEs                ; 80 LEs                 ; Yes        ; |span_cme|interMonthSpread:interMonthSpread0|A[1][13]     ;
; 8:1                ; 16 bits   ; 80 LEs        ; 0 LEs                ; 80 LEs                 ; Yes        ; |span_cme|interMonthSpread:interMonthSpread0|B[1][3]      ;
; 8:1                ; 16 bits   ; 80 LEs        ; 0 LEs                ; 80 LEs                 ; Yes        ; |span_cme|interMonthSpread:interMonthSpread0|C[1][3]      ;
; 8:1                ; 16 bits   ; 80 LEs        ; 0 LEs                ; 80 LEs                 ; Yes        ; |span_cme|interMonthSpread:interMonthSpread0|D[1][11]     ;
; 8:1                ; 16 bits   ; 80 LEs        ; 0 LEs                ; 80 LEs                 ; Yes        ; |span_cme|interMonthSpread:interMonthSpread0|E[1][5]      ;
; 8:1                ; 16 bits   ; 80 LEs        ; 0 LEs                ; 80 LEs                 ; Yes        ; |span_cme|interMonthSpread:interMonthSpread0|F[1][2]      ;
; 8:1                ; 16 bits   ; 80 LEs        ; 0 LEs                ; 80 LEs                 ; Yes        ; |span_cme|interMonthSpread:interMonthSpread0|A[2][1]      ;
; 8:1                ; 16 bits   ; 80 LEs        ; 0 LEs                ; 80 LEs                 ; Yes        ; |span_cme|interMonthSpread:interMonthSpread0|B[2][7]      ;
; 8:1                ; 16 bits   ; 80 LEs        ; 0 LEs                ; 80 LEs                 ; Yes        ; |span_cme|interMonthSpread:interMonthSpread0|C[2][5]      ;
; 8:1                ; 16 bits   ; 80 LEs        ; 0 LEs                ; 80 LEs                 ; Yes        ; |span_cme|interMonthSpread:interMonthSpread0|D[2][1]      ;
; 8:1                ; 16 bits   ; 80 LEs        ; 0 LEs                ; 80 LEs                 ; Yes        ; |span_cme|interMonthSpread:interMonthSpread0|E[2][6]      ;
; 8:1                ; 16 bits   ; 80 LEs        ; 0 LEs                ; 80 LEs                 ; Yes        ; |span_cme|interMonthSpread:interMonthSpread0|F[2][13]     ;
; 8:1                ; 16 bits   ; 80 LEs        ; 0 LEs                ; 80 LEs                 ; Yes        ; |span_cme|interMonthSpread:interMonthSpread0|A[3][3]      ;
; 8:1                ; 16 bits   ; 80 LEs        ; 0 LEs                ; 80 LEs                 ; Yes        ; |span_cme|interMonthSpread:interMonthSpread0|B[3][14]     ;
; 8:1                ; 16 bits   ; 80 LEs        ; 0 LEs                ; 80 LEs                 ; Yes        ; |span_cme|interMonthSpread:interMonthSpread0|C[3][0]      ;
; 8:1                ; 16 bits   ; 80 LEs        ; 0 LEs                ; 80 LEs                 ; Yes        ; |span_cme|interMonthSpread:interMonthSpread0|D[3][2]      ;
; 8:1                ; 16 bits   ; 80 LEs        ; 0 LEs                ; 80 LEs                 ; Yes        ; |span_cme|interMonthSpread:interMonthSpread0|E[3][6]      ;
; 8:1                ; 16 bits   ; 80 LEs        ; 0 LEs                ; 80 LEs                 ; Yes        ; |span_cme|interMonthSpread:interMonthSpread0|F[3][6]      ;
; 8:1                ; 16 bits   ; 80 LEs        ; 0 LEs                ; 80 LEs                 ; Yes        ; |span_cme|interMonthSpread:interMonthSpread0|A[4][2]      ;
; 8:1                ; 16 bits   ; 80 LEs        ; 0 LEs                ; 80 LEs                 ; Yes        ; |span_cme|interMonthSpread:interMonthSpread0|B[4][10]     ;
; 8:1                ; 16 bits   ; 80 LEs        ; 0 LEs                ; 80 LEs                 ; Yes        ; |span_cme|interMonthSpread:interMonthSpread0|C[4][12]     ;
; 8:1                ; 16 bits   ; 80 LEs        ; 0 LEs                ; 80 LEs                 ; Yes        ; |span_cme|interMonthSpread:interMonthSpread0|D[4][7]      ;
; 8:1                ; 16 bits   ; 80 LEs        ; 0 LEs                ; 80 LEs                 ; Yes        ; |span_cme|interMonthSpread:interMonthSpread0|E[4][5]      ;
; 8:1                ; 16 bits   ; 80 LEs        ; 0 LEs                ; 80 LEs                 ; Yes        ; |span_cme|interMonthSpread:interMonthSpread0|F[4][0]      ;
; 8:1                ; 16 bits   ; 80 LEs        ; 0 LEs                ; 80 LEs                 ; Yes        ; |span_cme|interMonthSpread:interMonthSpread0|A[5][7]      ;
; 8:1                ; 16 bits   ; 80 LEs        ; 0 LEs                ; 80 LEs                 ; Yes        ; |span_cme|interMonthSpread:interMonthSpread0|B[5][4]      ;
; 8:1                ; 16 bits   ; 80 LEs        ; 0 LEs                ; 80 LEs                 ; Yes        ; |span_cme|interMonthSpread:interMonthSpread0|C[5][13]     ;
; 8:1                ; 16 bits   ; 80 LEs        ; 0 LEs                ; 80 LEs                 ; Yes        ; |span_cme|interMonthSpread:interMonthSpread0|D[5][8]      ;
; 8:1                ; 16 bits   ; 80 LEs        ; 0 LEs                ; 80 LEs                 ; Yes        ; |span_cme|interMonthSpread:interMonthSpread0|E[5][7]      ;
; 8:1                ; 16 bits   ; 80 LEs        ; 0 LEs                ; 80 LEs                 ; Yes        ; |span_cme|interMonthSpread:interMonthSpread0|F[5][11]     ;
; 8:1                ; 16 bits   ; 80 LEs        ; 0 LEs                ; 80 LEs                 ; Yes        ; |span_cme|interMonthSpread:interMonthSpread0|A[6][7]      ;
; 8:1                ; 16 bits   ; 80 LEs        ; 0 LEs                ; 80 LEs                 ; Yes        ; |span_cme|interMonthSpread:interMonthSpread0|B[6][12]     ;
; 8:1                ; 16 bits   ; 80 LEs        ; 0 LEs                ; 80 LEs                 ; Yes        ; |span_cme|interMonthSpread:interMonthSpread0|C[6][14]     ;
; 8:1                ; 16 bits   ; 80 LEs        ; 0 LEs                ; 80 LEs                 ; Yes        ; |span_cme|interMonthSpread:interMonthSpread0|D[6][7]      ;
; 8:1                ; 16 bits   ; 80 LEs        ; 0 LEs                ; 80 LEs                 ; Yes        ; |span_cme|interMonthSpread:interMonthSpread0|E[6][10]     ;
; 8:1                ; 16 bits   ; 80 LEs        ; 0 LEs                ; 80 LEs                 ; Yes        ; |span_cme|interMonthSpread:interMonthSpread0|F[6][1]      ;
; 8:1                ; 16 bits   ; 80 LEs        ; 0 LEs                ; 80 LEs                 ; Yes        ; |span_cme|interMonthSpread:interMonthSpread0|A[7][10]     ;
; 8:1                ; 16 bits   ; 80 LEs        ; 0 LEs                ; 80 LEs                 ; Yes        ; |span_cme|interMonthSpread:interMonthSpread0|B[7][15]     ;
; 8:1                ; 16 bits   ; 80 LEs        ; 0 LEs                ; 80 LEs                 ; Yes        ; |span_cme|interMonthSpread:interMonthSpread0|C[7][6]      ;
; 8:1                ; 16 bits   ; 80 LEs        ; 0 LEs                ; 80 LEs                 ; Yes        ; |span_cme|interMonthSpread:interMonthSpread0|D[7][11]     ;
; 8:1                ; 16 bits   ; 80 LEs        ; 0 LEs                ; 80 LEs                 ; Yes        ; |span_cme|interMonthSpread:interMonthSpread0|E[7][12]     ;
; 8:1                ; 16 bits   ; 80 LEs        ; 0 LEs                ; 80 LEs                 ; Yes        ; |span_cme|interMonthSpread:interMonthSpread0|F[7][7]      ;
; 8:1                ; 9 bits    ; 45 LEs        ; 0 LEs                ; 45 LEs                 ; Yes        ; |span_cme|interMonthSpread:interMonthSpread0|Out1[4]      ;
; 8:1                ; 15 bits   ; 75 LEs        ; 15 LEs               ; 60 LEs                 ; Yes        ; |span_cme|interMonthSpread:interMonthSpread0|TSC4[8]      ;
; 8:1                ; 7 bits    ; 35 LEs        ; 14 LEs               ; 21 LEs                 ; Yes        ; |span_cme|interMonthSpread:interMonthSpread0|TSC5Short[6] ;
; 9:1                ; 9 bits    ; 54 LEs        ; 0 LEs                ; 54 LEs                 ; Yes        ; |span_cme|interMonthSpread:interMonthSpread0|Out2[6]      ;
; 9:1                ; 15 bits   ; 90 LEs        ; 15 LEs               ; 75 LEs                 ; Yes        ; |span_cme|interMonthSpread:interMonthSpread0|TSC5[2]      ;
; 9:1                ; 9 bits    ; 54 LEs        ; 0 LEs                ; 54 LEs                 ; Yes        ; |span_cme|interMonthSpread:interMonthSpread0|Out3[2]      ;
; 9:1                ; 15 bits   ; 90 LEs        ; 15 LEs               ; 75 LEs                 ; Yes        ; |span_cme|interMonthSpread:interMonthSpread0|TSC6[5]      ;
; 3:1                ; 31 bits   ; 62 LEs        ; 62 LEs               ; 0 LEs                  ; No         ; |span_cme|scanRisk:scanRisk0|level1                       ;
; 3:1                ; 31 bits   ; 62 LEs        ; 62 LEs               ; 0 LEs                  ; No         ; |span_cme|scanRisk:scanRisk0|level1                       ;
; 3:1                ; 31 bits   ; 62 LEs        ; 62 LEs               ; 0 LEs                  ; No         ; |span_cme|scanRisk:scanRisk0|level1                       ;
; 3:1                ; 31 bits   ; 62 LEs        ; 62 LEs               ; 0 LEs                  ; No         ; |span_cme|scanRisk:scanRisk0|level1                       ;
+--------------------+-----------+---------------+----------------------+------------------------+------------+-----------------------------------------------------------+


+-------------------------------+
; Elapsed Time Per Partition    ;
+----------------+--------------+
; Partition Name ; Elapsed Time ;
+----------------+--------------+
; Top            ; 00:00:12     ;
+----------------+--------------+


+-------------------------------+
; Analysis & Synthesis Messages ;
+-------------------------------+
Info: *******************************************************************
Info: Running Quartus II 32-bit Analysis & Synthesis
    Info: Version 13.1.1 Build 166 11/26/2013 SJ Full Version
    Info: Processing started: Mon Apr 28 14:55:53 2014
Info: Command: quartus_map --read_settings_files=on --write_settings_files=off span_cme -c span_cme
Info (20030): Parallel compilation is enabled and will use 2 of the 2 processors detected
Info (12021): Found 1 design units, including 1 entities, in source file interMonthSpread.sv
    Info (12023): Found entity 1: interMonthSpread
Info (12021): Found 1 design units, including 1 entities, in source file scanRisk.sv
    Info (12023): Found entity 1: scanRisk
Info (12021): Found 1 design units, including 1 entities, in source file span_cme.sv
    Info (12023): Found entity 1: span_cme
Info (12127): Elaborating entity "span_cme" for the top level hierarchy
Warning (10036): Verilog HDL or VHDL warning at span_cme.sv(16): object "Trash" assigned a value but never read
Info (12128): Elaborating entity "scanRisk" for hierarchy "scanRisk:scanRisk0"
Warning (10230): Verilog HDL assignment warning at scanRisk.sv(125): truncated value with size 32 to match size of target (16)
Info (12128): Elaborating entity "interMonthSpread" for hierarchy "interMonthSpread:interMonthSpread0"
Warning (10036): Verilog HDL or VHDL warning at interMonthSpread.sv(14): object "tsc123Start" assigned a value but never read
Warning (10036): Verilog HDL or VHDL warning at interMonthSpread.sv(19): object "TSC1Short" assigned a value but never read
Warning (10036): Verilog HDL or VHDL warning at interMonthSpread.sv(19): object "TSC3Long" assigned a value but never read
Warning (10036): Verilog HDL or VHDL warning at interMonthSpread.sv(19): object "TSC4Short" assigned a value but never read
Warning (10036): Verilog HDL or VHDL warning at interMonthSpread.sv(19): object "TSC5Long" assigned a value but never read
Warning (10036): Verilog HDL or VHDL warning at interMonthSpread.sv(19): object "TSC6Long" assigned a value but never read
Warning (10036): Verilog HDL or VHDL warning at interMonthSpread.sv(19): object "TSC6Short" assigned a value but never read
Info (286030): Timing-Driven Synthesis is running
Info (16010): Generating hard_block partition "hard_block:auto_generated_inst"
    Info (16011): Adding 0 node(s), including 0 DDIO, 0 PLL, 0 transceiver and 0 LCELL
Info (21057): Implemented 2978 device resources after synthesis - the final resource count might be different
    Info (21058): Implemented 26 input pins
    Info (21059): Implemented 16 output pins
    Info (21061): Implemented 2918 logic cells
    Info (21062): Implemented 18 DSP elements
Info: Quartus II 32-bit Analysis & Synthesis was successful. 0 errors, 9 warnings
    Info: Peak virtual memory: 438 megabytes
    Info: Processing ended: Mon Apr 28 14:56:11 2014
    Info: Elapsed time: 00:00:18
    Info: Total CPU time (on all processors): 00:00:17


